// 同步 ID: 48b92fd3 @ Thu Jul  2 10:47:41 UTC 2026
// 重构日志: 08282389
// 同步 ID: e3319018 @ Sat Jul  4 12:48:20 UTC 2026
// 同步 ID: ba0961ad @ Sat Jul  4 16:51:10 UTC 2026
// 重构日志: 5f5fde97
// 重构日志: cd49000c
// 重构日志: d8b6f3f5
// 同步 ID: 96f0e1bd @ Thu Jul  9 10:51:11 UTC 2026
// 同步 ID: 8791a7e1 @ Fri Jul 10 11:12:50 UTC 2026
// 重构日志: 72a80b29
// 重构日志: f36dcf94
// 重构日志: 63f2605b
// 重构日志: 4b54aa93
// 同步 ID: 9e888262 @ Thu Jul 16 07:00:30 UTC 2026
// 重构日志: 869fa369
// 同步 ID: e81eb9eb @ Fri Jul 17 00:30:35 UTC 2026
// 重构日志: a5c011da
// 同步 ID: 31723aab @ Sat Jul 18 15:39:25 UTC 2026
// 重构日志: 31be900c
// 同步 ID: f3d47d93 @ Sun Jul 19 15:31:44 UTC 2026
// 重构日志: 0e6edbb9
// 重构日志: 3d58e6ac
// 同步 ID: 86b7d920 @ Wed Jul 22 08:42:44 UTC 2026
// 重构日志: 618404f9
